<?xml version="1.0" encoding="UTF-8"?>
<testsuite xmlns:xsi="http://www.w3.org/2001/XMLSchema-instance" xsi:noNamespaceSchemaLocation="https://maven.apache.org/surefire/maven-surefire-plugin/xsd/surefire-test-report.xsd" name="org.geotools.AppTest" time="0.083" tests="1" errors="0" skipped="0" failures="0">
  <properties>
    <property name="java.specification.version" value="18"/>
    <property name="sun.cpu.isalist" value="amd64"/>
    <property name="sun.jnu.encoding" value="Cp1252"/>
    <property name="java.class.path" value="C:\Users\18261\CountryGuesser\target\test-classes;C:\Users\18261\CountryGuesser\target\classes;C:\Users\18261\.m2\repository\junit\junit\4.11\junit-4.11.jar;C:\Users\18261\.m2\repository\org\hamcrest\hamcrest-core\1.3\hamcrest-core-1.3.jar;C:\Users\18261\.m2\repository\org\geotools\gt-shapefile\31-SNAPSHOT\gt-shapefile-31-SNAPSHOT.jar;C:\Users\18261\.m2\repository\org\geotools\gt-main\31-SNAPSHOT\gt-main-31-SNAPSHOT.jar;C:\Users\18261\.m2\repository\org\geotools\gt-http\31-SNAPSHOT\gt-http-31-SNAPSHOT.jar;C:\Users\18261\.m2\repository\org\locationtech\jts\jts-core\1.19.0\jts-core-1.19.0.jar;C:\Users\18261\.m2\repository\org\apache\commons\commons-text\1.10.0\commons-text-1.10.0.jar;C:\Users\18261\.m2\repository\com\fasterxml\jackson\core\jackson-core\2.15.2\jackson-core-2.15.2.jar;C:\Users\18261\.m2\repository\com\google\re2j\re2j\1.6\re2j-1.6.jar;C:\Users\18261\.m2\repository\org\ejml\ejml-ddense\0.41\ejml-ddense-0.41.jar;C:\Users\18261\.m2\repository\org\ejml\ejml-core\0.41\ejml-core-0.41.jar;C:\Users\18261\.m2\repository\javax\media\jai_core\1.1.3\jai_core-1.1.3.jar;C:\Users\18261\.m2\repository\org\geotools\gt-swing\31-SNAPSHOT\gt-swing-31-SNAPSHOT.jar;C:\Users\18261\.m2\repository\org\geotools\gt-referencing\31-SNAPSHOT\gt-referencing-31-SNAPSHOT.jar;C:\Users\18261\.m2\repository\commons-pool\commons-pool\1.5.4\commons-pool-1.5.4.jar;C:\Users\18261\.m2\repository\org\geotools\gt-metadata\31-SNAPSHOT\gt-metadata-31-SNAPSHOT.jar;C:\Users\18261\.m2\repository\org\geotools\gt-api\31-SNAPSHOT\gt-api-31-SNAPSHOT.jar;C:\Users\18261\.m2\repository\systems\uom\systems-common\2.1\systems-common-2.1.jar;C:\Users\18261\.m2\repository\javax\measure\unit-api\2.1.2\unit-api-2.1.2.jar;C:\Users\18261\.m2\repository\si\uom\si-quantity\2.1\si-quantity-2.1.jar;C:\Users\18261\.m2\repository\si\uom\si-units\2.1\si-units-2.1.jar;C:\Users\18261\.m2\repository\jakarta\annotation\jakarta.annotation-api\1.3.4\jakarta.annotation-api-1.3.4.jar;C:\Users\18261\.m2\repository\tech\units\indriya\2.1.3\indriya-2.1.3.jar;C:\Users\18261\.m2\repository\tech\uom\lib\uom-lib-common\2.1\uom-lib-common-2.1.jar;C:\Users\18261\.m2\repository\javax\inject\javax.inject\1\javax.inject-1.jar;C:\Users\18261\.m2\repository\org\apiguardian\apiguardian-api\1.1.1\apiguardian-api-1.1.1.jar;C:\Users\18261\.m2\repository\org\geotools\ogc\net.opengis.ows\31-SNAPSHOT\net.opengis.ows-31-SNAPSHOT.jar;C:\Users\18261\.m2\repository\org\geotools\ogc\org.w3.xlink\31-SNAPSHOT\org.w3.xlink-31-SNAPSHOT.jar;C:\Users\18261\.m2\repository\org\eclipse\emf\org.eclipse.emf.common\2.15.0\org.eclipse.emf.common-2.15.0.jar;C:\Users\18261\.m2\repository\org\eclipse\emf\org.eclipse.emf.ecore\2.15.0\org.eclipse.emf.ecore-2.15.0.jar;C:\Users\18261\.m2\repository\org\eclipse\emf\org.eclipse.emf.ecore.xmi\2.15.0\org.eclipse.emf.ecore.xmi-2.15.0.jar;C:\Users\18261\.m2\repository\it\geosolutions\jgridshift\jgridshift-core\1.3\jgridshift-core-1.3.jar;C:\Users\18261\.m2\repository\net\sf\geographiclib\GeographicLib-Java\1.49\GeographicLib-Java-1.49.jar;C:\Users\18261\.m2\repository\org\geotools\gt-render\31-SNAPSHOT\gt-render-31-SNAPSHOT.jar;C:\Users\18261\.m2\repository\org\geotools\gt-coverage\31-SNAPSHOT\gt-coverage-31-SNAPSHOT.jar;C:\Users\18261\.m2\repository\javax\media\jai_imageio\1.1\jai_imageio-1.1.jar;C:\Users\18261\.m2\repository\it\geosolutions\imageio-ext\imageio-ext-tiff\1.4.9\imageio-ext-tiff-1.4.9.jar;C:\Users\18261\.m2\repository\it\geosolutions\imageio-ext\imageio-ext-utilities\1.4.9\imageio-ext-utilities-1.4.9.jar;C:\Users\18261\.m2\repository\it\geosolutions\imageio-ext\imageio-ext-geocore\1.4.9\imageio-ext-geocore-1.4.9.jar;C:\Users\18261\.m2\repository\it\geosolutions\imageio-ext\imageio-ext-streams\1.4.9\imageio-ext-streams-1.4.9.jar;C:\Users\18261\.m2\repository\javax\xml\bind\jaxb-api\2.4.0-b180830.0359\jaxb-api-2.4.0-b180830.0359.jar;C:\Users\18261\.m2\repository\org\glassfish\jaxb\jaxb-runtime\2.4.0-b180830.0438\jaxb-runtime-2.4.0-b180830.0438.jar;C:\Users\18261\.m2\repository\org\glassfish\jaxb\txw2\2.4.0-b180830.0438\txw2-2.4.0-b180830.0438.jar;C:\Users\18261\.m2\repository\com\sun\istack\istack-commons-runtime\3.0.7\istack-commons-runtime-3.0.7.jar;C:\Users\18261\.m2\repository\org\jvnet\staxex\stax-ex\1.8\stax-ex-1.8.jar;C:\Users\18261\.m2\repository\com\sun\xml\fastinfoset\FastInfoset\1.2.15\FastInfoset-1.2.15.jar;C:\Users\18261\.m2\repository\javax\activation\javax.activation-api\1.2.0\javax.activation-api-1.2.0.jar;C:\Users\18261\.m2\repository\io\airlift\aircompressor\0.20\aircompressor-0.20.jar;C:\Users\18261\.m2\repository\javax\media\jai_codec\1.1.3\jai_codec-1.1.3.jar;C:\Users\18261\.m2\repository\org\jaitools\jt-zonalstats\1.6.0\jt-zonalstats-1.6.0.jar;C:\Users\18261\.m2\repository\org\jaitools\jt-utils\1.6.0\jt-utils-1.6.0.jar;C:\Users\18261\.m2\repository\it\geosolutions\jaiext\affine\jt-affine\1.1.25\jt-affine-1.1.25.jar;C:\Users\18261\.m2\repository\it\geosolutions\jaiext\algebra\jt-algebra\1.1.25\jt-algebra-1.1.25.jar;C:\Users\18261\.m2\repository\it\geosolutions\jaiext\bandmerge\jt-bandmerge\1.1.25\jt-bandmerge-1.1.25.jar;C:\Users\18261\.m2\repository\it\geosolutions\jaiext\bandselect\jt-bandselect\1.1.25\jt-bandselect-1.1.25.jar;C:\Users\18261\.m2\repository\it\geosolutions\jaiext\bandcombine\jt-bandcombine\1.1.25\jt-bandcombine-1.1.25.jar;C:\Users\18261\.m2\repository\it\geosolutions\jaiext\border\jt-border\1.1.25\jt-border-1.1.25.jar;C:\Users\18261\.m2\repository\it\geosolutions\jaiext\buffer\jt-buffer\1.1.25\jt-buffer-1.1.25.jar;C:\Users\18261\.m2\repository\it\geosolutions\jaiext\crop\jt-crop\1.1.25\jt-crop-1.1.25.jar;C:\Users\18261\.m2\repository\it\geosolutions\jaiext\iterators\jt-iterators\1.1.25\jt-iterators-1.1.25.jar;C:\Users\18261\.m2\repository\it\geosolutions\jaiext\lookup\jt-lookup\1.1.25\jt-lookup-1.1.25.jar;C:\Users\18261\.m2\repository\it\geosolutions\jaiext\mosaic\jt-mosaic\1.1.25\jt-mosaic-1.1.25.jar;C:\Users\18261\.m2\repository\it\geosolutions\jaiext\nullop\jt-nullop\1.1.25\jt-nullop-1.1.25.jar;C:\Users\18261\.m2\repository\it\geosolutions\jaiext\rescale\jt-rescale\1.1.25\jt-rescale-1.1.25.jar;C:\Users\18261\.m2\repository\it\geosolutions\jaiext\scale\jt-scale\1.1.25\jt-scale-1.1.25.jar;C:\Users\18261\.m2\repository\it\geosolutions\jaiext\scale2\jt-scale2\1.1.25\jt-scale2-1.1.25.jar;C:\Users\18261\.m2\repository\org\huldra\math\bigint\0.7.1\bigint-0.7.1.jar;C:\Users\18261\.m2\repository\it\geosolutions\jaiext\stats\jt-stats\1.1.25\jt-stats-1.1.25.jar;C:\Users\18261\.m2\repository\com\google\guava\guava\32.0.0-jre\guava-32.0.0-jre.jar;C:\Users\18261\.m2\repository\com\google\guava\failureaccess\1.0.1\failureaccess-1.0.1.jar;C:\Users\18261\.m2\repository\com\google\guava\listenablefuture\9999.0-empty-to-avoid-conflict-with-guava\listenablefuture-9999.0-empty-to-avoid-conflict-with-guava.jar;C:\Users\18261\.m2\repository\com\google\code\findbugs\jsr305\3.0.2\jsr305-3.0.2.jar;C:\Users\18261\.m2\repository\org\checkerframework\checker-qual\3.33.0\checker-qual-3.33.0.jar;C:\Users\18261\.m2\repository\com\google\errorprone\error_prone_annotations\2.18.0\error_prone_annotations-2.18.0.jar;C:\Users\18261\.m2\repository\com\google\j2objc\j2objc-annotations\2.8\j2objc-annotations-2.8.jar;C:\Users\18261\.m2\repository\it\geosolutions\jaiext\translate\jt-translate\1.1.25\jt-translate-1.1.25.jar;C:\Users\18261\.m2\repository\it\geosolutions\jaiext\utilities\jt-utilities\1.1.25\jt-utilities-1.1.25.jar;C:\Users\18261\.m2\repository\it\geosolutions\jaiext\warp\jt-warp\1.1.25\jt-warp-1.1.25.jar;C:\Users\18261\.m2\repository\it\geosolutions\jaiext\zonal\jt-zonal\1.1.25\jt-zonal-1.1.25.jar;C:\Users\18261\.m2\repository\it\geosolutions\jaiext\binarize\jt-binarize\1.1.25\jt-binarize-1.1.25.jar;C:\Users\18261\.m2\repository\it\geosolutions\jaiext\format\jt-format\1.1.25\jt-format-1.1.25.jar;C:\Users\18261\.m2\repository\it\geosolutions\jaiext\colorconvert\jt-colorconvert\1.1.25\jt-colorconvert-1.1.25.jar;C:\Users\18261\.m2\repository\it\geosolutions\jaiext\errordiffusion\jt-errordiffusion\1.1.25\jt-errordiffusion-1.1.25.jar;C:\Users\18261\.m2\repository\it\geosolutions\jaiext\orderdither\jt-orderdither\1.1.25\jt-orderdither-1.1.25.jar;C:\Users\18261\.m2\repository\it\geosolutions\jaiext\colorindexer\jt-colorindexer\1.1.25\jt-colorindexer-1.1.25.jar;C:\Users\18261\.m2\repository\it\geosolutions\jaiext\imagefunction\jt-imagefunction\1.1.25\jt-imagefunction-1.1.25.jar;C:\Users\18261\.m2\repository\it\geosolutions\jaiext\piecewise\jt-piecewise\1.1.25\jt-piecewise-1.1.25.jar;C:\Users\18261\.m2\repository\it\geosolutions\jaiext\classifier\jt-classifier\1.1.25\jt-classifier-1.1.25.jar;C:\Users\18261\.m2\repository\it\geosolutions\jaiext\rlookup\jt-rlookup\1.1.25\jt-rlookup-1.1.25.jar;C:\Users\18261\.m2\repository\it\geosolutions\jaiext\vectorbin\jt-vectorbin\1.1.25\jt-vectorbin-1.1.25.jar;C:\Users\18261\.m2\repository\it\geosolutions\jaiext\shadedrelief\jt-shadedrelief\1.1.25\jt-shadedrelief-1.1.25.jar;C:\Users\18261\.m2\repository\commons-io\commons-io\2.12.0\commons-io-2.12.0.jar;C:\Users\18261\.m2\repository\org\geotools\gt-cql\31-SNAPSHOT\gt-cql-31-SNAPSHOT.jar;C:\Users\18261\.m2\repository\com\conversantmedia\disruptor\1.2.15\disruptor-1.2.15.jar;C:\Users\18261\.m2\repository\org\slf4j\slf4j-api\1.7.13\slf4j-api-1.7.13.jar;C:\Users\18261\.m2\repository\com\miglayout\miglayout\3.7\miglayout-3.7-swing.jar;C:\Users\18261\.m2\repository\org\geotools\gt-geojson\31-SNAPSHOT\gt-geojson-31-SNAPSHOT.jar;C:\Users\18261\.m2\repository\com\googlecode\json-simple\json-simple\1.1.1\json-simple-1.1.1.jar;C:\Users\18261\.m2\repository\org\apache\commons\commons-lang3\3.12.0\commons-lang3-3.12.0.jar;"/>
    <property name="java.vm.vendor" value="Oracle Corporation"/>
    <property name="sun.arch.data.model" value="64"/>
    <property name="user.variant" value=""/>
    <property name="java.vendor.url" value="https://java.oracle.com/"/>
    <property name="user.timezone" value="America/New_York"/>
    <property name="user.country.format" value="US"/>
    <property name="os.name" value="Windows 10"/>
    <property name="java.vm.specification.version" value="18"/>
    <property name="sun.java.launcher" value="SUN_STANDARD"/>
    <property name="user.country" value="CN"/>
    <property name="sun.boot.library.path" value="C:\Program Files\Java\jdk-18.0.1.1\bin"/>
    <property name="sun.java.command" value="C:\Users\18261\AppData\Local\Temp\surefire6032483234620170778\surefirebooter9710836537187938049.jar C:\Users\18261\AppData\Local\Temp\surefire6032483234620170778 2024-01-09T10-29-39_247-jvmRun1 surefire17234403761110483362tmp surefire_08403066451137963671tmp"/>
    <property name="jdk.debug" value="release"/>
    <property name="surefire.test.class.path" value="C:\Users\18261\CountryGuesser\target\test-classes;C:\Users\18261\CountryGuesser\target\classes;C:\Users\18261\.m2\repository\junit\junit\4.11\junit-4.11.jar;C:\Users\18261\.m2\repository\org\hamcrest\hamcrest-core\1.3\hamcrest-core-1.3.jar;C:\Users\18261\.m2\repository\org\geotools\gt-shapefile\31-SNAPSHOT\gt-shapefile-31-SNAPSHOT.jar;C:\Users\18261\.m2\repository\org\geotools\gt-main\31-SNAPSHOT\gt-main-31-SNAPSHOT.jar;C:\Users\18261\.m2\repository\org\geotools\gt-http\31-SNAPSHOT\gt-http-31-SNAPSHOT.jar;C:\Users\18261\.m2\repository\org\locationtech\jts\jts-core\1.19.0\jts-core-1.19.0.jar;C:\Users\18261\.m2\repository\org\apache\commons\commons-text\1.10.0\commons-text-1.10.0.jar;C:\Users\18261\.m2\repository\com\fasterxml\jackson\core\jackson-core\2.15.2\jackson-core-2.15.2.jar;C:\Users\18261\.m2\repository\com\google\re2j\re2j\1.6\re2j-1.6.jar;C:\Users\18261\.m2\repository\org\ejml\ejml-ddense\0.41\ejml-ddense-0.41.jar;C:\Users\18261\.m2\repository\org\ejml\ejml-core\0.41\ejml-core-0.41.jar;C:\Users\18261\.m2\repository\javax\media\jai_core\1.1.3\jai_core-1.1.3.jar;C:\Users\18261\.m2\repository\org\geotools\gt-swing\31-SNAPSHOT\gt-swing-31-SNAPSHOT.jar;C:\Users\18261\.m2\repository\org\geotools\gt-referencing\31-SNAPSHOT\gt-referencing-31-SNAPSHOT.jar;C:\Users\18261\.m2\repository\commons-pool\commons-pool\1.5.4\commons-pool-1.5.4.jar;C:\Users\18261\.m2\repository\org\geotools\gt-metadata\31-SNAPSHOT\gt-metadata-31-SNAPSHOT.jar;C:\Users\18261\.m2\repository\org\geotools\gt-api\31-SNAPSHOT\gt-api-31-SNAPSHOT.jar;C:\Users\18261\.m2\repository\systems\uom\systems-common\2.1\systems-common-2.1.jar;C:\Users\18261\.m2\repository\javax\measure\unit-api\2.1.2\unit-api-2.1.2.jar;C:\Users\18261\.m2\repository\si\uom\si-quantity\2.1\si-quantity-2.1.jar;C:\Users\18261\.m2\repository\si\uom\si-units\2.1\si-units-2.1.jar;C:\Users\18261\.m2\repository\jakarta\annotation\jakarta.annotation-api\1.3.4\jakarta.annotation-api-1.3.4.jar;C:\Users\18261\.m2\repository\tech\units\indriya\2.1.3\indriya-2.1.3.jar;C:\Users\18261\.m2\repository\tech\uom\lib\uom-lib-common\2.1\uom-lib-common-2.1.jar;C:\Users\18261\.m2\repository\javax\inject\javax.inject\1\javax.inject-1.jar;C:\Users\18261\.m2\repository\org\apiguardian\apiguardian-api\1.1.1\apiguardian-api-1.1.1.jar;C:\Users\18261\.m2\repository\org\geotools\ogc\net.opengis.ows\31-SNAPSHOT\net.opengis.ows-31-SNAPSHOT.jar;C:\Users\18261\.m2\repository\org\geotools\ogc\org.w3.xlink\31-SNAPSHOT\org.w3.xlink-31-SNAPSHOT.jar;C:\Users\18261\.m2\repository\org\eclipse\emf\org.eclipse.emf.common\2.15.0\org.eclipse.emf.common-2.15.0.jar;C:\Users\18261\.m2\repository\org\eclipse\emf\org.eclipse.emf.ecore\2.15.0\org.eclipse.emf.ecore-2.15.0.jar;C:\Users\18261\.m2\repository\org\eclipse\emf\org.eclipse.emf.ecore.xmi\2.15.0\org.eclipse.emf.ecore.xmi-2.15.0.jar;C:\Users\18261\.m2\repository\it\geosolutions\jgridshift\jgridshift-core\1.3\jgridshift-core-1.3.jar;C:\Users\18261\.m2\repository\net\sf\geographiclib\GeographicLib-Java\1.49\GeographicLib-Java-1.49.jar;C:\Users\18261\.m2\repository\org\geotools\gt-render\31-SNAPSHOT\gt-render-31-SNAPSHOT.jar;C:\Users\18261\.m2\repository\org\geotools\gt-coverage\31-SNAPSHOT\gt-coverage-31-SNAPSHOT.jar;C:\Users\18261\.m2\repository\javax\media\jai_imageio\1.1\jai_imageio-1.1.jar;C:\Users\18261\.m2\repository\it\geosolutions\imageio-ext\imageio-ext-tiff\1.4.9\imageio-ext-tiff-1.4.9.jar;C:\Users\18261\.m2\repository\it\geosolutions\imageio-ext\imageio-ext-utilities\1.4.9\imageio-ext-utilities-1.4.9.jar;C:\Users\18261\.m2\repository\it\geosolutions\imageio-ext\imageio-ext-geocore\1.4.9\imageio-ext-geocore-1.4.9.jar;C:\Users\18261\.m2\repository\it\geosolutions\imageio-ext\imageio-ext-streams\1.4.9\imageio-ext-streams-1.4.9.jar;C:\Users\18261\.m2\repository\javax\xml\bind\jaxb-api\2.4.0-b180830.0359\jaxb-api-2.4.0-b180830.0359.jar;C:\Users\18261\.m2\repository\org\glassfish\jaxb\jaxb-runtime\2.4.0-b180830.0438\jaxb-runtime-2.4.0-b180830.0438.jar;C:\Users\18261\.m2\repository\org\glassfish\jaxb\txw2\2.4.0-b180830.0438\txw2-2.4.0-b180830.0438.jar;C:\Users\18261\.m2\repository\com\sun\istack\istack-commons-runtime\3.0.7\istack-commons-runtime-3.0.7.jar;C:\Users\18261\.m2\repository\org\jvnet\staxex\stax-ex\1.8\stax-ex-1.8.jar;C:\Users\18261\.m2\repository\com\sun\xml\fastinfoset\FastInfoset\1.2.15\FastInfoset-1.2.15.jar;C:\Users\18261\.m2\repository\javax\activation\javax.activation-api\1.2.0\javax.activation-api-1.2.0.jar;C:\Users\18261\.m2\repository\io\airlift\aircompressor\0.20\aircompressor-0.20.jar;C:\Users\18261\.m2\repository\javax\media\jai_codec\1.1.3\jai_codec-1.1.3.jar;C:\Users\18261\.m2\repository\org\jaitools\jt-zonalstats\1.6.0\jt-zonalstats-1.6.0.jar;C:\Users\18261\.m2\repository\org\jaitools\jt-utils\1.6.0\jt-utils-1.6.0.jar;C:\Users\18261\.m2\repository\it\geosolutions\jaiext\affine\jt-affine\1.1.25\jt-affine-1.1.25.jar;C:\Users\18261\.m2\repository\it\geosolutions\jaiext\algebra\jt-algebra\1.1.25\jt-algebra-1.1.25.jar;C:\Users\18261\.m2\repository\it\geosolutions\jaiext\bandmerge\jt-bandmerge\1.1.25\jt-bandmerge-1.1.25.jar;C:\Users\18261\.m2\repository\it\geosolutions\jaiext\bandselect\jt-bandselect\1.1.25\jt-bandselect-1.1.25.jar;C:\Users\18261\.m2\repository\it\geosolutions\jaiext\bandcombine\jt-bandcombine\1.1.25\jt-bandcombine-1.1.25.jar;C:\Users\18261\.m2\repository\it\geosolutions\jaiext\border\jt-border\1.1.25\jt-border-1.1.25.jar;C:\Users\18261\.m2\repository\it\geosolutions\jaiext\buffer\jt-buffer\1.1.25\jt-buffer-1.1.25.jar;C:\Users\18261\.m2\repository\it\geosolutions\jaiext\crop\jt-crop\1.1.25\jt-crop-1.1.25.jar;C:\Users\18261\.m2\repository\it\geosolutions\jaiext\iterators\jt-iterators\1.1.25\jt-iterators-1.1.25.jar;C:\Users\18261\.m2\repository\it\geosolutions\jaiext\lookup\jt-lookup\1.1.25\jt-lookup-1.1.25.jar;C:\Users\18261\.m2\repository\it\geosolutions\jaiext\mosaic\jt-mosaic\1.1.25\jt-mosaic-1.1.25.jar;C:\Users\18261\.m2\repository\it\geosolutions\jaiext\nullop\jt-nullop\1.1.25\jt-nullop-1.1.25.jar;C:\Users\18261\.m2\repository\it\geosolutions\jaiext\rescale\jt-rescale\1.1.25\jt-rescale-1.1.25.jar;C:\Users\18261\.m2\repository\it\geosolutions\jaiext\scale\jt-scale\1.1.25\jt-scale-1.1.25.jar;C:\Users\18261\.m2\repository\it\geosolutions\jaiext\scale2\jt-scale2\1.1.25\jt-scale2-1.1.25.jar;C:\Users\18261\.m2\repository\org\huldra\math\bigint\0.7.1\bigint-0.7.1.jar;C:\Users\18261\.m2\repository\it\geosolutions\jaiext\stats\jt-stats\1.1.25\jt-stats-1.1.25.jar;C:\Users\18261\.m2\repository\com\google\guava\guava\32.0.0-jre\guava-32.0.0-jre.jar;C:\Users\18261\.m2\repository\com\google\guava\failureaccess\1.0.1\failureaccess-1.0.1.jar;C:\Users\18261\.m2\repository\com\google\guava\listenablefuture\9999.0-empty-to-avoid-conflict-with-guava\listenablefuture-9999.0-empty-to-avoid-conflict-with-guava.jar;C:\Users\18261\.m2\repository\com\google\code\findbugs\jsr305\3.0.2\jsr305-3.0.2.jar;C:\Users\18261\.m2\repository\org\checkerframework\checker-qual\3.33.0\checker-qual-3.33.0.jar;C:\Users\18261\.m2\repository\com\google\errorprone\error_prone_annotations\2.18.0\error_prone_annotations-2.18.0.jar;C:\Users\18261\.m2\repository\com\google\j2objc\j2objc-annotations\2.8\j2objc-annotations-2.8.jar;C:\Users\18261\.m2\repository\it\geosolutions\jaiext\translate\jt-translate\1.1.25\jt-translate-1.1.25.jar;C:\Users\18261\.m2\repository\it\geosolutions\jaiext\utilities\jt-utilities\1.1.25\jt-utilities-1.1.25.jar;C:\Users\18261\.m2\repository\it\geosolutions\jaiext\warp\jt-warp\1.1.25\jt-warp-1.1.25.jar;C:\Users\18261\.m2\repository\it\geosolutions\jaiext\zonal\jt-zonal\1.1.25\jt-zonal-1.1.25.jar;C:\Users\18261\.m2\repository\it\geosolutions\jaiext\binarize\jt-binarize\1.1.25\jt-binarize-1.1.25.jar;C:\Users\18261\.m2\repository\it\geosolutions\jaiext\format\jt-format\1.1.25\jt-format-1.1.25.jar;C:\Users\18261\.m2\repository\it\geosolutions\jaiext\colorconvert\jt-colorconvert\1.1.25\jt-colorconvert-1.1.25.jar;C:\Users\18261\.m2\repository\it\geosolutions\jaiext\errordiffusion\jt-errordiffusion\1.1.25\jt-errordiffusion-1.1.25.jar;C:\Users\18261\.m2\repository\it\geosolutions\jaiext\orderdither\jt-orderdither\1.1.25\jt-orderdither-1.1.25.jar;C:\Users\18261\.m2\repository\it\geosolutions\jaiext\colorindexer\jt-colorindexer\1.1.25\jt-colorindexer-1.1.25.jar;C:\Users\18261\.m2\repository\it\geosolutions\jaiext\imagefunction\jt-imagefunction\1.1.25\jt-imagefunction-1.1.25.jar;C:\Users\18261\.m2\repository\it\geosolutions\jaiext\piecewise\jt-piecewise\1.1.25\jt-piecewise-1.1.25.jar;C:\Users\18261\.m2\repository\it\geosolutions\jaiext\classifier\jt-classifier\1.1.25\jt-classifier-1.1.25.jar;C:\Users\18261\.m2\repository\it\geosolutions\jaiext\rlookup\jt-rlookup\1.1.25\jt-rlookup-1.1.25.jar;C:\Users\18261\.m2\repository\it\geosolutions\jaiext\vectorbin\jt-vectorbin\1.1.25\jt-vectorbin-1.1.25.jar;C:\Users\18261\.m2\repository\it\geosolutions\jaiext\shadedrelief\jt-shadedrelief\1.1.25\jt-shadedrelief-1.1.25.jar;C:\Users\18261\.m2\repository\commons-io\commons-io\2.12.0\commons-io-2.12.0.jar;C:\Users\18261\.m2\repository\org\geotools\gt-cql\31-SNAPSHOT\gt-cql-31-SNAPSHOT.jar;C:\Users\18261\.m2\repository\com\conversantmedia\disruptor\1.2.15\disruptor-1.2.15.jar;C:\Users\18261\.m2\repository\org\slf4j\slf4j-api\1.7.13\slf4j-api-1.7.13.jar;C:\Users\18261\.m2\repository\com\miglayout\miglayout\3.7\miglayout-3.7-swing.jar;C:\Users\18261\.m2\repository\org\geotools\gt-geojson\31-SNAPSHOT\gt-geojson-31-SNAPSHOT.jar;C:\Users\18261\.m2\repository\com\googlecode\json-simple\json-simple\1.1.1\json-simple-1.1.1.jar;C:\Users\18261\.m2\repository\org\apache\commons\commons-lang3\3.12.0\commons-lang3-3.12.0.jar;"/>
    <property name="sun.cpu.endian" value="little"/>
    <property name="user.home" value="C:\Users\18261"/>
    <property name="user.language" value="zh"/>
    <property name="java.specification.vendor" value="Oracle Corporation"/>
    <property name="java.version.date" value="2022-04-22"/>
    <property name="java.home" value="C:\Program Files\Java\jdk-18.0.1.1"/>
    <property name="file.separator" value="\"/>
    <property name="basedir" value="C:\Users\18261\CountryGuesser"/>
    <property name="java.vm.compressedOopsMode" value="Zero based"/>
    <property name="line.separator" value="&#10;"/>
    <property name="java.vm.specification.vendor" value="Oracle Corporation"/>
    <property name="java.specification.name" value="Java Platform API Specification"/>
    <property name="surefire.real.class.path" value="C:\Users\18261\AppData\Local\Temp\surefire6032483234620170778\surefirebooter9710836537187938049.jar"/>
    <property name="user.script" value=""/>
    <property name="sun.management.compiler" value="HotSpot 64-Bit Tiered Compilers"/>
    <property name="java.runtime.version" value="18.0.1.1+2-6"/>
    <property name="user.name" value="18261"/>
    <property name="path.separator" value=";"/>
    <property name="os.version" value="10.0"/>
    <property name="java.runtime.name" value="Java(TM) SE Runtime Environment"/>
    <property name="file.encoding" value="UTF-8"/>
    <property name="java.vm.name" value="Java HotSpot(TM) 64-Bit Server VM"/>
    <property name="localRepository" value="C:\Users\18261\.m2\repository"/>
    <property name="java.vendor.url.bug" value="https://bugreport.java.com/bugreport/"/>
    <property name="java.io.tmpdir" value="C:\Users\18261\AppData\Local\Temp\"/>
    <property name="java.version" value="18.0.1.1"/>
    <property name="user.dir" value="C:\Users\18261\CountryGuesser"/>
    <property name="os.arch" value="amd64"/>
    <property name="java.vm.specification.name" value="Java Virtual Machine Specification"/>
    <property name="user.language.format" value="en"/>
    <property name="sun.os.patch.level" value=""/>
    <property name="native.encoding" value="Cp1252"/>
    <property name="java.library.path" value="C:\Program Files\Java\jdk-18.0.1.1\bin;C:\WINDOWS\Sun\Java\bin;C:\WINDOWS\system32;C:\WINDOWS;C:\Program Files\Common Files\Oracle\Java\javapath;C:\Program Files (x86)\Common Files\Oracle\Java\javapath;C:\ProgramData\Oracle\Java\javapath;C:\Python3\;C:\Python27\Scripts;C:\WINDOWS\system32;C:\WINDOWS;C:\WINDOWS\System32\Wbem;C:\WINDOWS\System32\WindowsPowerShell\v1.0\;C:\WINDOWS\System32\OpenSSH\;C:\MinGW\bin;C:\Program Files\Java\jdk-18.0.1.1\bin;C:\Program Files\Git\cmd;C:\Program Files\apache-maven-3.9.6-bin\apache-maven-3.9.6\bin;C:\Python3\Scripts\;C:\Python3\;C:\Users\18261\AppData\Local\Programs\Python\Python38\Scripts\;C:\Users\18261\AppData\Local\Programs\Python\Python38\;C:\Users\18261\AppData\Local\Microsoft\WindowsApps;;C:\Users\18261\AppData\Local\Programs\Microsoft VS Code\bin;."/>
    <property name="java.vm.info" value="mixed mode, sharing"/>
    <property name="java.vendor" value="Oracle Corporation"/>
    <property name="java.vm.version" value="18.0.1.1+2-6"/>
    <property name="sun.io.unicode.encoding" value="UnicodeLittle"/>
    <property name="java.class.version" value="62.0"/>
  </properties>
  <testcase name="shouldAnswerWithTrue" classname="org.geotools.AppTest" time="0.004"/>
</testsuite>